[debug] [2021-03-18T05:57:36.643Z] ----------------------------------------------------------------------
[debug] [2021-03-18T05:57:36.644Z] Command:       C:\Program Files\nodejs\node.exe C:\Program Files\nodejs\node_modules\firebase-tools\lib\bin\firebase.js serve --only functions
[debug] [2021-03-18T05:57:36.645Z] CLI Version:   9.6.1
[debug] [2021-03-18T05:57:36.645Z] Platform:      win32
[debug] [2021-03-18T05:57:36.645Z] Node Version:  v10.16.3
[debug] [2021-03-18T05:57:36.646Z] Time:          Thu Mar 18 2021 14:57:36 GMT+0900 (GMT+09:00)
[debug] [2021-03-18T05:57:36.646Z] ----------------------------------------------------------------------
[debug] [2021-03-18T05:57:36.646Z] 
[debug] [2021-03-18T05:57:36.653Z] > command requires scopes: ["email","openid","https://www.googleapis.com/auth/cloudplatformprojects.readonly","https://www.googleapis.com/auth/firebase","https://www.googleapis.com/auth/cloud-platform"]
[debug] [2021-03-18T05:57:36.653Z] > authorizing via signed-in user
[debug] [2021-03-18T05:57:36.653Z] [iam] checking project baejm-vuef for permissions ["firebase.projects.get"]
[debug] [2021-03-18T05:57:36.655Z] >>> HTTP REQUEST POST https://cloudresourcemanager.googleapis.com/v1/projects/baejm-vuef:testIamPermissions  
 {"permissions":["firebase.projects.get"]}
[debug] [2021-03-18T05:57:36.994Z] <<< HTTP RESPONSE 200 {"content-type":"application/json; charset=UTF-8","vary":"X-Origin, Referer, Origin,Accept-Encoding","date":"Thu, 18 Mar 2021 05:57:36 GMT","server":"ESF","cache-control":"private","x-xss-protection":"0","x-frame-options":"SAMEORIGIN","x-content-type-options":"nosniff","server-timing":"gfet4t7; dur=129","alt-svc":"h3-29=\":443\"; ma=2592000,h3-T051=\":443\"; ma=2592000,h3-Q050=\":443\"; ma=2592000,h3-Q046=\":443\"; ma=2592000,h3-Q043=\":443\"; ma=2592000,quic=\":443\"; ma=2592000; v=\"46,43\"","accept-ranges":"none","transfer-encoding":"chunked"}
[debug] [2021-03-18T05:57:36.996Z] > refreshing access token with scopes: []
[debug] [2021-03-18T05:57:36.996Z] >>> HTTP REQUEST POST https://www.googleapis.com/oauth2/v3/token  
 <request body omitted>
[debug] [2021-03-18T05:57:37.264Z] <<< HTTP RESPONSE 200 {"date":"Thu, 18 Mar 2021 05:57:36 GMT","cache-control":"no-cache, no-store, max-age=0, must-revalidate","pragma":"no-cache","expires":"Mon, 01 Jan 1990 00:00:00 GMT","content-type":"application/json; charset=utf-8","vary":"X-Origin, Referer, Origin,Accept-Encoding","server":"scaffolding on HTTPServer2","x-xss-protection":"0","x-frame-options":"SAMEORIGIN","x-content-type-options":"nosniff","alt-svc":"h3-29=\":443\"; ma=2592000,h3-T051=\":443\"; ma=2592000,h3-Q050=\":443\"; ma=2592000,h3-Q046=\":443\"; ma=2592000,h3-Q043=\":443\"; ma=2592000,quic=\":443\"; ma=2592000; v=\"46,43\"","accept-ranges":"none","transfer-encoding":"chunked"}
[debug] [2021-03-18T05:57:37.274Z] >>> [apiv2][query] GET https://firebase.googleapis.com/v1beta1/projects/baejm-vuef [none]
[debug] [2021-03-18T05:57:37.809Z] <<< [apiv2][status] GET https://firebase.googleapis.com/v1beta1/projects/baejm-vuef 200
[debug] [2021-03-18T05:57:37.809Z] <<< [apiv2][body] GET https://firebase.googleapis.com/v1beta1/projects/baejm-vuef {"projectId":"baejm-vuef","projectNumber":"640195138216","displayName":"baejm-vuef","name":"projects/baejm-vuef","resources":{"hostingSite":"baejm-vuef","realtimeDatabaseInstance":"baejm-vuef-default-rtdb","storageBucket":"baejm-vuef.appspot.com","locationId":"asia-northeast3"},"state":"ACTIVE"}
[info] +  functions: Using node@10 from host. {"metadata":{"emulator":{"name":"functions"},"message":"Using node@10 from host."}}
[debug] [2021-03-18T05:57:39.818Z] defaultcredentials: writing to file C:\Users\jukma\AppData\Roaming\firebase\jukman81_gmail_com_application_default_credentials.json
[debug] [2021-03-18T05:57:39.823Z] Setting GAC to C:\Users\jukma\AppData\Roaming\firebase\jukman81_gmail_com_application_default_credentials.json {"metadata":{"emulator":{"name":"functions"},"message":"Setting GAC to C:\\Users\\jukma\\AppData\\Roaming\\firebase\\jukman81_gmail_com_application_default_credentials.json"}}
[debug] [2021-03-18T05:57:39.824Z] >>> [apiv2][query] GET https://firebase.googleapis.com/v1beta1/projects/baejm-vuef/adminSdkConfig [none]
[debug] [2021-03-18T05:57:40.606Z] <<< [apiv2][status] GET https://firebase.googleapis.com/v1beta1/projects/baejm-vuef/adminSdkConfig 200
[debug] [2021-03-18T05:57:40.606Z] <<< [apiv2][body] GET https://firebase.googleapis.com/v1beta1/projects/baejm-vuef/adminSdkConfig {"projectId":"baejm-vuef","databaseURL":"https://baejm-vuef-default-rtdb.firebaseio.com","storageBucket":"baejm-vuef.appspot.com","locationId":"asia-northeast3"}
[info] i  functions: Watching "E:\vue\예전\vuef\functions" for Cloud Functions... {"metadata":{"emulator":{"name":"functions"},"message":"Watching \"E:\\vue\\예전\\vuef\\functions\" for Cloud Functions..."}}
[debug] [2021-03-18T05:57:40.631Z] [worker-pool] addWorker(~diagnostic~) {"metadata":{"emulator":{"name":"functions"},"message":"[worker-pool] addWorker(~diagnostic~)"}}
[debug] [2021-03-18T05:57:40.631Z] [worker-pool] Adding worker with key ~diagnostic~, total=1 {"metadata":{"emulator":{"name":"functions"},"message":"[worker-pool] Adding worker with key ~diagnostic~, total=1"}}
[debug] [2021-03-18T05:57:40.631Z] [worker-pool] submitWork(triggerId=) {"metadata":{"emulator":{"name":"functions"},"message":"[worker-pool] submitWork(triggerId=)"}}
[debug] [2021-03-18T05:57:40.632Z] [worker-~diagnostic~-cb450641-cd80-4683-a13c-01b011e5bf6b]: Assigning socketPath: \\?\pipe\E:\vue\예전\vuef\functions\23256 {"metadata":{"emulator":{"name":"functions"},"message":"[worker-~diagnostic~-cb450641-cd80-4683-a13c-01b011e5bf6b]: Assigning socketPath: \\\\?\\pipe\\E:\\vue\\예전\\vuef\\functions\\23256"}}
[debug] [2021-03-18T05:57:40.632Z] [worker-~diagnostic~-cb450641-cd80-4683-a13c-01b011e5bf6b]: BUSY {"metadata":{"emulator":{"name":"functions"},"message":"[worker-~diagnostic~-cb450641-cd80-4683-a13c-01b011e5bf6b]: BUSY"}}
[debug] [2021-03-18T05:57:40.824Z] [runtime-status] [23256] Functions runtime initialized. {"cwd":"E:\\vue\\예전\\vuef\\functions","node_version":"10.16.3"} {"metadata":{"emulator":{"name":"functions"},"message":"[runtime-status] [23256] Functions runtime initialized. {\"cwd\":\"E:\\\\vue\\\\예전\\\\vuef\\\\functions\",\"node_version\":\"10.16.3\"}"}}
[debug] [2021-03-18T05:57:40.825Z] [runtime-status] [23256] Disabled runtime features: undefined {"metadata":{"emulator":{"name":"functions"},"message":"[runtime-status] [23256] Disabled runtime features: undefined"}}
[debug] [2021-03-18T05:57:40.828Z] [runtime-status] [23256] Resolved module firebase-admin {"declared":true,"installed":true,"version":"9.5.0","resolution":"E:\\vue\\예전\\vuef\\functions\\node_modules\\firebase-admin\\lib\\index.js"} {"metadata":{"emulator":{"name":"functions"},"message":"[runtime-status] [23256] Resolved module firebase-admin {\"declared\":true,\"installed\":true,\"version\":\"9.5.0\",\"resolution\":\"E:\\\\vue\\\\예전\\\\vuef\\\\functions\\\\node_modules\\\\firebase-admin\\\\lib\\\\index.js\"}"}}
[debug] [2021-03-18T05:57:40.829Z] [runtime-status] [23256] Resolved module firebase-functions {"declared":true,"installed":true,"version":"3.13.2","resolution":"E:\\vue\\예전\\vuef\\functions\\node_modules\\firebase-functions\\lib\\index.js"} {"metadata":{"emulator":{"name":"functions"},"message":"[runtime-status] [23256] Resolved module firebase-functions {\"declared\":true,\"installed\":true,\"version\":\"3.13.2\",\"resolution\":\"E:\\\\vue\\\\예전\\\\vuef\\\\functions\\\\node_modules\\\\firebase-functions\\\\lib\\\\index.js\"}"}}
[debug] [2021-03-18T05:57:40.830Z] [runtime-status] [23256] Resolved module firebase-functions {"declared":true,"installed":true,"version":"3.13.2","resolution":"E:\\vue\\예전\\vuef\\functions\\node_modules\\firebase-functions\\lib\\index.js"} {"metadata":{"emulator":{"name":"functions"},"message":"[runtime-status] [23256] Resolved module firebase-functions {\"declared\":true,\"installed\":true,\"version\":\"3.13.2\",\"resolution\":\"E:\\\\vue\\\\예전\\\\vuef\\\\functions\\\\node_modules\\\\firebase-functions\\\\lib\\\\index.js\"}"}}
[debug] [2021-03-18T05:57:40.833Z] [runtime-status] [23256] Outgoing network have been stubbed. [{"name":"http","status":"mocked"},{"name":"http","status":"mocked"},{"name":"https","status":"mocked"},{"name":"https","status":"mocked"},{"name":"net","status":"mocked"}] {"metadata":{"emulator":{"name":"functions"},"message":"[runtime-status] [23256] Outgoing network have been stubbed. [{\"name\":\"http\",\"status\":\"mocked\"},{\"name\":\"http\",\"status\":\"mocked\"},{\"name\":\"https\",\"status\":\"mocked\"},{\"name\":\"https\",\"status\":\"mocked\"},{\"name\":\"net\",\"status\":\"mocked\"}]"}}
[debug] [2021-03-18T05:57:40.833Z] [runtime-status] [23256] Resolved module firebase-functions {"declared":true,"installed":true,"version":"3.13.2","resolution":"E:\\vue\\예전\\vuef\\functions\\node_modules\\firebase-functions\\lib\\index.js"} {"metadata":{"emulator":{"name":"functions"},"message":"[runtime-status] [23256] Resolved module firebase-functions {\"declared\":true,\"installed\":true,\"version\":\"3.13.2\",\"resolution\":\"E:\\\\vue\\\\예전\\\\vuef\\\\functions\\\\node_modules\\\\firebase-functions\\\\lib\\\\index.js\"}"}}
[debug] [2021-03-18T05:57:40.869Z] [runtime-status] [23256] Checked functions.config() {"config":{}} {"metadata":{"emulator":{"name":"functions"},"message":"[runtime-status] [23256] Checked functions.config() {\"config\":{}}"}}
[debug] [2021-03-18T05:57:40.869Z] [runtime-status] [23256] firebase-functions has been stubbed. {"functionsResolution":{"declared":true,"installed":true,"version":"3.13.2","resolution":"E:\\vue\\예전\\vuef\\functions\\node_modules\\firebase-functions\\lib\\index.js"}} {"metadata":{"emulator":{"name":"functions"},"message":"[runtime-status] [23256] firebase-functions has been stubbed. {\"functionsResolution\":{\"declared\":true,\"installed\":true,\"version\":\"3.13.2\",\"resolution\":\"E:\\\\vue\\\\예전\\\\vuef\\\\functions\\\\node_modules\\\\firebase-functions\\\\lib\\\\index.js\"}}"}}
[debug] [2021-03-18T05:57:40.870Z] [runtime-status] [23256] Resolved module firebase-functions {"declared":true,"installed":true,"version":"3.13.2","resolution":"E:\\vue\\예전\\vuef\\functions\\node_modules\\firebase-functions\\lib\\index.js"} {"metadata":{"emulator":{"name":"functions"},"message":"[runtime-status] [23256] Resolved module firebase-functions {\"declared\":true,\"installed\":true,\"version\":\"3.13.2\",\"resolution\":\"E:\\\\vue\\\\예전\\\\vuef\\\\functions\\\\node_modules\\\\firebase-functions\\\\lib\\\\index.js\"}"}}
[debug] [2021-03-18T05:57:40.870Z] [runtime-status] [23256] Resolved module firebase-admin {"declared":true,"installed":true,"version":"9.5.0","resolution":"E:\\vue\\예전\\vuef\\functions\\node_modules\\firebase-admin\\lib\\index.js"} {"metadata":{"emulator":{"name":"functions"},"message":"[runtime-status] [23256] Resolved module firebase-admin {\"declared\":true,\"installed\":true,\"version\":\"9.5.0\",\"resolution\":\"E:\\\\vue\\\\예전\\\\vuef\\\\functions\\\\node_modules\\\\firebase-admin\\\\lib\\\\index.js\"}"}}
[debug] [2021-03-18T05:57:40.871Z] [runtime-status] [23256] Resolved module firebase-functions {"declared":true,"installed":true,"version":"3.13.2","resolution":"E:\\vue\\예전\\vuef\\functions\\node_modules\\firebase-functions\\lib\\index.js"} {"metadata":{"emulator":{"name":"functions"},"message":"[runtime-status] [23256] Resolved module firebase-functions {\"declared\":true,\"installed\":true,\"version\":\"3.13.2\",\"resolution\":\"E:\\\\vue\\\\예전\\\\vuef\\\\functions\\\\node_modules\\\\firebase-functions\\\\lib\\\\index.js\"}"}}
[debug] [2021-03-18T05:57:40.871Z] [runtime-status] [23256] firebase-admin has been stubbed. {"adminResolution":{"declared":true,"installed":true,"version":"9.5.0","resolution":"E:\\vue\\예전\\vuef\\functions\\node_modules\\firebase-admin\\lib\\index.js"}} {"metadata":{"emulator":{"name":"functions"},"message":"[runtime-status] [23256] firebase-admin has been stubbed. {\"adminResolution\":{\"declared\":true,\"installed\":true,\"version\":\"9.5.0\",\"resolution\":\"E:\\\\vue\\\\예전\\\\vuef\\\\functions\\\\node_modules\\\\firebase-admin\\\\lib\\\\index.js\"}}"}}
[warn] !  It looks like you're trying to access functions.config().admin but there is no value there. You can learn more about setting up config here: https://firebase.google.com/docs/functions/local-emulator {"metadata":{"emulator":{"name":"functions"},"message":"It looks like you're trying to access functions.config().admin but there is no value there. You can learn more about setting up config here: https://firebase.google.com/docs/functions/local-emulator"}}
[warn] !  TypeError: Cannot read property 'region' of undefined
    at Object.<anonymous> (E:\vue\예전\vuef\functions\index.js:4:40)
    at Module._compile (internal/modules/cjs/loader.js:778:30)
    at Object.Module._extensions..js (internal/modules/cjs/loader.js:789:10)
    at Module.load (internal/modules/cjs/loader.js:653:32)
    at tryModuleLoad (internal/modules/cjs/loader.js:593:12)
    at Function.Module._load (internal/modules/cjs/loader.js:585:3)
    at Module.require (internal/modules/cjs/loader.js:692:17)
    at require (internal/modules/cjs/helpers.js:25:18)
    at initializeRuntime (C:\Users\jukma\AppData\Roaming\nvm\v10.16.3\node_modules\firebase-tools\lib\emulator\functionsEmulatorRuntime.js:678:29)
    at process._tickCallback (internal/process/next_tick.js:68:7) {"metadata":{"emulator":{"name":"functions"},"message":"TypeError: Cannot read property 'region' of undefined\n    at Object.<anonymous> (E:\\vue\\예전\\vuef\\functions\\index.js:4:40)\n    at Module._compile (internal/modules/cjs/loader.js:778:30)\n    at Object.Module._extensions..js (internal/modules/cjs/loader.js:789:10)\n    at Module.load (internal/modules/cjs/loader.js:653:32)\n    at tryModuleLoad (internal/modules/cjs/loader.js:593:12)\n    at Function.Module._load (internal/modules/cjs/loader.js:585:3)\n    at Module.require (internal/modules/cjs/loader.js:692:17)\n    at require (internal/modules/cjs/helpers.js:25:18)\n    at initializeRuntime (C:\\Users\\jukma\\AppData\\Roaming\\nvm\\v10.16.3\\node_modules\\firebase-tools\\lib\\emulator\\functionsEmulatorRuntime.js:678:29)\n    at process._tickCallback (internal/process/next_tick.js:68:7)"}}
[warn] !  We were unable to load your functions code. (see above) {"metadata":{"emulator":{"name":"functions"}}}
[debug] [2021-03-18T05:57:40.891Z] [worker-~diagnostic~-cb450641-cd80-4683-a13c-01b011e5bf6b]: exited {"metadata":{"emulator":{"name":"functions"},"message":"[worker-~diagnostic~-cb450641-cd80-4683-a13c-01b011e5bf6b]: exited"}}
[debug] [2021-03-18T05:57:40.891Z] [worker-~diagnostic~-cb450641-cd80-4683-a13c-01b011e5bf6b]: FINISHED {"metadata":{"emulator":{"name":"functions"},"message":"[worker-~diagnostic~-cb450641-cd80-4683-a13c-01b011e5bf6b]: FINISHED"}}
[debug] [2021-03-18T05:58:40.770Z] File E:\vue\예전\vuef\functions\index.js changed, reloading triggers {"metadata":{"emulator":{"name":"functions"},"message":"File E:\\vue\\예전\\vuef\\functions\\index.js changed, reloading triggers"}}
[debug] [2021-03-18T05:58:41.771Z] [worker-pool] Cleaned up workers for ~diagnostic~: 1 --> 0 {"metadata":{"emulator":{"name":"functions"},"message":"[worker-pool] Cleaned up workers for ~diagnostic~: 1 --> 0"}}
[debug] [2021-03-18T05:58:41.777Z] [worker-pool] addWorker(~diagnostic~) {"metadata":{"emulator":{"name":"functions"},"message":"[worker-pool] addWorker(~diagnostic~)"}}
[debug] [2021-03-18T05:58:41.778Z] [worker-pool] Adding worker with key ~diagnostic~, total=1 {"metadata":{"emulator":{"name":"functions"},"message":"[worker-pool] Adding worker with key ~diagnostic~, total=1"}}
[debug] [2021-03-18T05:58:41.778Z] [worker-pool] submitWork(triggerId=) {"metadata":{"emulator":{"name":"functions"},"message":"[worker-pool] submitWork(triggerId=)"}}
[debug] [2021-03-18T05:58:41.778Z] [worker-~diagnostic~-e815083c-fba1-44e8-a48f-5045a9fb5ae2]: Assigning socketPath: \\?\pipe\E:\vue\예전\vuef\functions\26124 {"metadata":{"emulator":{"name":"functions"},"message":"[worker-~diagnostic~-e815083c-fba1-44e8-a48f-5045a9fb5ae2]: Assigning socketPath: \\\\?\\pipe\\E:\\vue\\예전\\vuef\\functions\\26124"}}
[debug] [2021-03-18T05:58:41.778Z] [worker-~diagnostic~-e815083c-fba1-44e8-a48f-5045a9fb5ae2]: BUSY {"metadata":{"emulator":{"name":"functions"},"message":"[worker-~diagnostic~-e815083c-fba1-44e8-a48f-5045a9fb5ae2]: BUSY"}}
[debug] [2021-03-18T05:58:42.006Z] [runtime-status] [26124] Functions runtime initialized. {"cwd":"E:\\vue\\예전\\vuef\\functions","node_version":"10.16.3"} {"metadata":{"emulator":{"name":"functions"},"message":"[runtime-status] [26124] Functions runtime initialized. {\"cwd\":\"E:\\\\vue\\\\예전\\\\vuef\\\\functions\",\"node_version\":\"10.16.3\"}"}}
[debug] [2021-03-18T05:58:42.007Z] [runtime-status] [26124] Disabled runtime features: undefined {"metadata":{"emulator":{"name":"functions"},"message":"[runtime-status] [26124] Disabled runtime features: undefined"}}
[debug] [2021-03-18T05:58:42.010Z] [runtime-status] [26124] Resolved module firebase-admin {"declared":true,"installed":true,"version":"9.5.0","resolution":"E:\\vue\\예전\\vuef\\functions\\node_modules\\firebase-admin\\lib\\index.js"} {"metadata":{"emulator":{"name":"functions"},"message":"[runtime-status] [26124] Resolved module firebase-admin {\"declared\":true,\"installed\":true,\"version\":\"9.5.0\",\"resolution\":\"E:\\\\vue\\\\예전\\\\vuef\\\\functions\\\\node_modules\\\\firebase-admin\\\\lib\\\\index.js\"}"}}
[debug] [2021-03-18T05:58:42.011Z] [runtime-status] [26124] Resolved module firebase-functions {"declared":true,"installed":true,"version":"3.13.2","resolution":"E:\\vue\\예전\\vuef\\functions\\node_modules\\firebase-functions\\lib\\index.js"} {"metadata":{"emulator":{"name":"functions"},"message":"[runtime-status] [26124] Resolved module firebase-functions {\"declared\":true,\"installed\":true,\"version\":\"3.13.2\",\"resolution\":\"E:\\\\vue\\\\예전\\\\vuef\\\\functions\\\\node_modules\\\\firebase-functions\\\\lib\\\\index.js\"}"}}
[debug] [2021-03-18T05:58:42.012Z] [runtime-status] [26124] Resolved module firebase-functions {"declared":true,"installed":true,"version":"3.13.2","resolution":"E:\\vue\\예전\\vuef\\functions\\node_modules\\firebase-functions\\lib\\index.js"} {"metadata":{"emulator":{"name":"functions"},"message":"[runtime-status] [26124] Resolved module firebase-functions {\"declared\":true,\"installed\":true,\"version\":\"3.13.2\",\"resolution\":\"E:\\\\vue\\\\예전\\\\vuef\\\\functions\\\\node_modules\\\\firebase-functions\\\\lib\\\\index.js\"}"}}
[debug] [2021-03-18T05:58:42.015Z] [runtime-status] [26124] Outgoing network have been stubbed. [{"name":"http","status":"mocked"},{"name":"http","status":"mocked"},{"name":"https","status":"mocked"},{"name":"https","status":"mocked"},{"name":"net","status":"mocked"}] {"metadata":{"emulator":{"name":"functions"},"message":"[runtime-status] [26124] Outgoing network have been stubbed. [{\"name\":\"http\",\"status\":\"mocked\"},{\"name\":\"http\",\"status\":\"mocked\"},{\"name\":\"https\",\"status\":\"mocked\"},{\"name\":\"https\",\"status\":\"mocked\"},{\"name\":\"net\",\"status\":\"mocked\"}]"}}
[debug] [2021-03-18T05:58:42.015Z] [runtime-status] [26124] Resolved module firebase-functions {"declared":true,"installed":true,"version":"3.13.2","resolution":"E:\\vue\\예전\\vuef\\functions\\node_modules\\firebase-functions\\lib\\index.js"} {"metadata":{"emulator":{"name":"functions"},"message":"[runtime-status] [26124] Resolved module firebase-functions {\"declared\":true,\"installed\":true,\"version\":\"3.13.2\",\"resolution\":\"E:\\\\vue\\\\예전\\\\vuef\\\\functions\\\\node_modules\\\\firebase-functions\\\\lib\\\\index.js\"}"}}
[debug] [2021-03-18T05:58:42.058Z] [runtime-status] [26124] Checked functions.config() {"config":{}} {"metadata":{"emulator":{"name":"functions"},"message":"[runtime-status] [26124] Checked functions.config() {\"config\":{}}"}}
[debug] [2021-03-18T05:58:42.058Z] [runtime-status] [26124] firebase-functions has been stubbed. {"functionsResolution":{"declared":true,"installed":true,"version":"3.13.2","resolution":"E:\\vue\\예전\\vuef\\functions\\node_modules\\firebase-functions\\lib\\index.js"}} {"metadata":{"emulator":{"name":"functions"},"message":"[runtime-status] [26124] firebase-functions has been stubbed. {\"functionsResolution\":{\"declared\":true,\"installed\":true,\"version\":\"3.13.2\",\"resolution\":\"E:\\\\vue\\\\예전\\\\vuef\\\\functions\\\\node_modules\\\\firebase-functions\\\\lib\\\\index.js\"}}"}}
[debug] [2021-03-18T05:58:42.059Z] [runtime-status] [26124] Resolved module firebase-functions {"declared":true,"installed":true,"version":"3.13.2","resolution":"E:\\vue\\예전\\vuef\\functions\\node_modules\\firebase-functions\\lib\\index.js"} {"metadata":{"emulator":{"name":"functions"},"message":"[runtime-status] [26124] Resolved module firebase-functions {\"declared\":true,\"installed\":true,\"version\":\"3.13.2\",\"resolution\":\"E:\\\\vue\\\\예전\\\\vuef\\\\functions\\\\node_modules\\\\firebase-functions\\\\lib\\\\index.js\"}"}}
[debug] [2021-03-18T05:58:42.061Z] [runtime-status] [26124] Resolved module firebase-admin {"declared":true,"installed":true,"version":"9.5.0","resolution":"E:\\vue\\예전\\vuef\\functions\\node_modules\\firebase-admin\\lib\\index.js"} {"metadata":{"emulator":{"name":"functions"},"message":"[runtime-status] [26124] Resolved module firebase-admin {\"declared\":true,\"installed\":true,\"version\":\"9.5.0\",\"resolution\":\"E:\\\\vue\\\\예전\\\\vuef\\\\functions\\\\node_modules\\\\firebase-admin\\\\lib\\\\index.js\"}"}}
[debug] [2021-03-18T05:58:42.061Z] [runtime-status] [26124] Resolved module firebase-functions {"declared":true,"installed":true,"version":"3.13.2","resolution":"E:\\vue\\예전\\vuef\\functions\\node_modules\\firebase-functions\\lib\\index.js"} {"metadata":{"emulator":{"name":"functions"},"message":"[runtime-status] [26124] Resolved module firebase-functions {\"declared\":true,\"installed\":true,\"version\":\"3.13.2\",\"resolution\":\"E:\\\\vue\\\\예전\\\\vuef\\\\functions\\\\node_modules\\\\firebase-functions\\\\lib\\\\index.js\"}"}}
[debug] [2021-03-18T05:58:42.062Z] [runtime-status] [26124] firebase-admin has been stubbed. {"adminResolution":{"declared":true,"installed":true,"version":"9.5.0","resolution":"E:\\vue\\예전\\vuef\\functions\\node_modules\\firebase-admin\\lib\\index.js"}} {"metadata":{"emulator":{"name":"functions"},"message":"[runtime-status] [26124] firebase-admin has been stubbed. {\"adminResolution\":{\"declared\":true,\"installed\":true,\"version\":\"9.5.0\",\"resolution\":\"E:\\\\vue\\\\예전\\\\vuef\\\\functions\\\\node_modules\\\\firebase-admin\\\\lib\\\\index.js\"}}"}}
[warn] !  TypeError: Cannot read property 'region' of undefined
    at Object.<anonymous> (E:\vue\예전\vuef\functions\index.js:4:40)
    at Module._compile (internal/modules/cjs/loader.js:778:30)
    at Object.Module._extensions..js (internal/modules/cjs/loader.js:789:10)
    at Module.load (internal/modules/cjs/loader.js:653:32)
    at tryModuleLoad (internal/modules/cjs/loader.js:593:12)
    at Function.Module._load (internal/modules/cjs/loader.js:585:3)
    at Module.require (internal/modules/cjs/loader.js:692:17)
    at require (internal/modules/cjs/helpers.js:25:18)
    at initializeRuntime (C:\Users\jukma\AppData\Roaming\nvm\v10.16.3\node_modules\firebase-tools\lib\emulator\functionsEmulatorRuntime.js:678:29)
    at process._tickCallback (internal/process/next_tick.js:68:7) {"metadata":{"emulator":{"name":"functions"},"message":"TypeError: Cannot read property 'region' of undefined\n    at Object.<anonymous> (E:\\vue\\예전\\vuef\\functions\\index.js:4:40)\n    at Module._compile (internal/modules/cjs/loader.js:778:30)\n    at Object.Module._extensions..js (internal/modules/cjs/loader.js:789:10)\n    at Module.load (internal/modules/cjs/loader.js:653:32)\n    at tryModuleLoad (internal/modules/cjs/loader.js:593:12)\n    at Function.Module._load (internal/modules/cjs/loader.js:585:3)\n    at Module.require (internal/modules/cjs/loader.js:692:17)\n    at require (internal/modules/cjs/helpers.js:25:18)\n    at initializeRuntime (C:\\Users\\jukma\\AppData\\Roaming\\nvm\\v10.16.3\\node_modules\\firebase-tools\\lib\\emulator\\functionsEmulatorRuntime.js:678:29)\n    at process._tickCallback (internal/process/next_tick.js:68:7)"}}
[warn] !  We were unable to load your functions code. (see above) {"metadata":{"emulator":{"name":"functions"}}}
[debug] [2021-03-18T05:58:42.110Z] [worker-~diagnostic~-e815083c-fba1-44e8-a48f-5045a9fb5ae2]: exited {"metadata":{"emulator":{"name":"functions"},"message":"[worker-~diagnostic~-e815083c-fba1-44e8-a48f-5045a9fb5ae2]: exited"}}
[debug] [2021-03-18T05:58:42.110Z] [worker-~diagnostic~-e815083c-fba1-44e8-a48f-5045a9fb5ae2]: FINISHED {"metadata":{"emulator":{"name":"functions"},"message":"[worker-~diagnostic~-e815083c-fba1-44e8-a48f-5045a9fb5ae2]: FINISHED"}}
[debug] [2021-03-18T05:58:54.317Z] File E:\vue\예전\vuef\functions\index.js changed, reloading triggers {"metadata":{"emulator":{"name":"functions"},"message":"File E:\\vue\\예전\\vuef\\functions\\index.js changed, reloading triggers"}}
[debug] [2021-03-18T05:58:55.318Z] [worker-pool] Cleaned up workers for ~diagnostic~: 1 --> 0 {"metadata":{"emulator":{"name":"functions"},"message":"[worker-pool] Cleaned up workers for ~diagnostic~: 1 --> 0"}}
[debug] [2021-03-18T05:58:55.332Z] [worker-pool] addWorker(~diagnostic~) {"metadata":{"emulator":{"name":"functions"},"message":"[worker-pool] addWorker(~diagnostic~)"}}
[debug] [2021-03-18T05:58:55.333Z] [worker-pool] Adding worker with key ~diagnostic~, total=1 {"metadata":{"emulator":{"name":"functions"},"message":"[worker-pool] Adding worker with key ~diagnostic~, total=1"}}
[debug] [2021-03-18T05:58:55.333Z] [worker-pool] submitWork(triggerId=) {"metadata":{"emulator":{"name":"functions"},"message":"[worker-pool] submitWork(triggerId=)"}}
[debug] [2021-03-18T05:58:55.333Z] [worker-~diagnostic~-241e0335-c29a-4e02-a073-ffa9502306ca]: Assigning socketPath: \\?\pipe\E:\vue\예전\vuef\functions\13736 {"metadata":{"emulator":{"name":"functions"},"message":"[worker-~diagnostic~-241e0335-c29a-4e02-a073-ffa9502306ca]: Assigning socketPath: \\\\?\\pipe\\E:\\vue\\예전\\vuef\\functions\\13736"}}
[debug] [2021-03-18T05:58:55.333Z] [worker-~diagnostic~-241e0335-c29a-4e02-a073-ffa9502306ca]: BUSY {"metadata":{"emulator":{"name":"functions"},"message":"[worker-~diagnostic~-241e0335-c29a-4e02-a073-ffa9502306ca]: BUSY"}}
[debug] [2021-03-18T05:58:55.553Z] [runtime-status] [13736] Functions runtime initialized. {"cwd":"E:\\vue\\예전\\vuef\\functions","node_version":"10.16.3"} {"metadata":{"emulator":{"name":"functions"},"message":"[runtime-status] [13736] Functions runtime initialized. {\"cwd\":\"E:\\\\vue\\\\예전\\\\vuef\\\\functions\",\"node_version\":\"10.16.3\"}"}}
[debug] [2021-03-18T05:58:55.554Z] [runtime-status] [13736] Disabled runtime features: undefined {"metadata":{"emulator":{"name":"functions"},"message":"[runtime-status] [13736] Disabled runtime features: undefined"}}
[debug] [2021-03-18T05:58:55.559Z] [runtime-status] [13736] Resolved module firebase-admin {"declared":true,"installed":true,"version":"9.5.0","resolution":"E:\\vue\\예전\\vuef\\functions\\node_modules\\firebase-admin\\lib\\index.js"} {"metadata":{"emulator":{"name":"functions"},"message":"[runtime-status] [13736] Resolved module firebase-admin {\"declared\":true,\"installed\":true,\"version\":\"9.5.0\",\"resolution\":\"E:\\\\vue\\\\예전\\\\vuef\\\\functions\\\\node_modules\\\\firebase-admin\\\\lib\\\\index.js\"}"}}
[debug] [2021-03-18T05:58:55.560Z] [runtime-status] [13736] Resolved module firebase-functions {"declared":true,"installed":true,"version":"3.13.2","resolution":"E:\\vue\\예전\\vuef\\functions\\node_modules\\firebase-functions\\lib\\index.js"} {"metadata":{"emulator":{"name":"functions"},"message":"[runtime-status] [13736] Resolved module firebase-functions {\"declared\":true,\"installed\":true,\"version\":\"3.13.2\",\"resolution\":\"E:\\\\vue\\\\예전\\\\vuef\\\\functions\\\\node_modules\\\\firebase-functions\\\\lib\\\\index.js\"}"}}
[debug] [2021-03-18T05:58:55.561Z] [runtime-status] [13736] Resolved module firebase-functions {"declared":true,"installed":true,"version":"3.13.2","resolution":"E:\\vue\\예전\\vuef\\functions\\node_modules\\firebase-functions\\lib\\index.js"} {"metadata":{"emulator":{"name":"functions"},"message":"[runtime-status] [13736] Resolved module firebase-functions {\"declared\":true,\"installed\":true,\"version\":\"3.13.2\",\"resolution\":\"E:\\\\vue\\\\예전\\\\vuef\\\\functions\\\\node_modules\\\\firebase-functions\\\\lib\\\\index.js\"}"}}
[debug] [2021-03-18T05:58:55.564Z] [runtime-status] [13736] Outgoing network have been stubbed. [{"name":"http","status":"mocked"},{"name":"http","status":"mocked"},{"name":"https","status":"mocked"},{"name":"https","status":"mocked"},{"name":"net","status":"mocked"}] {"metadata":{"emulator":{"name":"functions"},"message":"[runtime-status] [13736] Outgoing network have been stubbed. [{\"name\":\"http\",\"status\":\"mocked\"},{\"name\":\"http\",\"status\":\"mocked\"},{\"name\":\"https\",\"status\":\"mocked\"},{\"name\":\"https\",\"status\":\"mocked\"},{\"name\":\"net\",\"status\":\"mocked\"}]"}}
[debug] [2021-03-18T05:58:55.564Z] [runtime-status] [13736] Resolved module firebase-functions {"declared":true,"installed":true,"version":"3.13.2","resolution":"E:\\vue\\예전\\vuef\\functions\\node_modules\\firebase-functions\\lib\\index.js"} {"metadata":{"emulator":{"name":"functions"},"message":"[runtime-status] [13736] Resolved module firebase-functions {\"declared\":true,\"installed\":true,\"version\":\"3.13.2\",\"resolution\":\"E:\\\\vue\\\\예전\\\\vuef\\\\functions\\\\node_modules\\\\firebase-functions\\\\lib\\\\index.js\"}"}}
[debug] [2021-03-18T05:58:55.610Z] [runtime-status] [13736] Checked functions.config() {"config":{}} {"metadata":{"emulator":{"name":"functions"},"message":"[runtime-status] [13736] Checked functions.config() {\"config\":{}}"}}
[debug] [2021-03-18T05:58:55.611Z] [runtime-status] [13736] firebase-functions has been stubbed. {"functionsResolution":{"declared":true,"installed":true,"version":"3.13.2","resolution":"E:\\vue\\예전\\vuef\\functions\\node_modules\\firebase-functions\\lib\\index.js"}} {"metadata":{"emulator":{"name":"functions"},"message":"[runtime-status] [13736] firebase-functions has been stubbed. {\"functionsResolution\":{\"declared\":true,\"installed\":true,\"version\":\"3.13.2\",\"resolution\":\"E:\\\\vue\\\\예전\\\\vuef\\\\functions\\\\node_modules\\\\firebase-functions\\\\lib\\\\index.js\"}}"}}
[debug] [2021-03-18T05:58:55.611Z] [runtime-status] [13736] Resolved module firebase-functions {"declared":true,"installed":true,"version":"3.13.2","resolution":"E:\\vue\\예전\\vuef\\functions\\node_modules\\firebase-functions\\lib\\index.js"} {"metadata":{"emulator":{"name":"functions"},"message":"[runtime-status] [13736] Resolved module firebase-functions {\"declared\":true,\"installed\":true,\"version\":\"3.13.2\",\"resolution\":\"E:\\\\vue\\\\예전\\\\vuef\\\\functions\\\\node_modules\\\\firebase-functions\\\\lib\\\\index.js\"}"}}
[debug] [2021-03-18T05:58:55.612Z] [runtime-status] [13736] Resolved module firebase-admin {"declared":true,"installed":true,"version":"9.5.0","resolution":"E:\\vue\\예전\\vuef\\functions\\node_modules\\firebase-admin\\lib\\index.js"} {"metadata":{"emulator":{"name":"functions"},"message":"[runtime-status] [13736] Resolved module firebase-admin {\"declared\":true,\"installed\":true,\"version\":\"9.5.0\",\"resolution\":\"E:\\\\vue\\\\예전\\\\vuef\\\\functions\\\\node_modules\\\\firebase-admin\\\\lib\\\\index.js\"}"}}
[debug] [2021-03-18T05:58:55.613Z] [runtime-status] [13736] Resolved module firebase-functions {"declared":true,"installed":true,"version":"3.13.2","resolution":"E:\\vue\\예전\\vuef\\functions\\node_modules\\firebase-functions\\lib\\index.js"} {"metadata":{"emulator":{"name":"functions"},"message":"[runtime-status] [13736] Resolved module firebase-functions {\"declared\":true,\"installed\":true,\"version\":\"3.13.2\",\"resolution\":\"E:\\\\vue\\\\예전\\\\vuef\\\\functions\\\\node_modules\\\\firebase-functions\\\\lib\\\\index.js\"}"}}
[debug] [2021-03-18T05:58:55.614Z] [runtime-status] [13736] firebase-admin has been stubbed. {"adminResolution":{"declared":true,"installed":true,"version":"9.5.0","resolution":"E:\\vue\\예전\\vuef\\functions\\node_modules\\firebase-admin\\lib\\index.js"}} {"metadata":{"emulator":{"name":"functions"},"message":"[runtime-status] [13736] firebase-admin has been stubbed. {\"adminResolution\":{\"declared\":true,\"installed\":true,\"version\":\"9.5.0\",\"resolution\":\"E:\\\\vue\\\\예전\\\\vuef\\\\functions\\\\node_modules\\\\firebase-admin\\\\lib\\\\index.js\"}}"}}
[warn] !  TypeError: Cannot read property 'region' of undefined
    at Object.<anonymous> (E:\vue\예전\vuef\functions\index.js:4:40)
    at Module._compile (internal/modules/cjs/loader.js:778:30)
    at Object.Module._extensions..js (internal/modules/cjs/loader.js:789:10)
    at Module.load (internal/modules/cjs/loader.js:653:32)
    at tryModuleLoad (internal/modules/cjs/loader.js:593:12)
    at Function.Module._load (internal/modules/cjs/loader.js:585:3)
    at Module.require (internal/modules/cjs/loader.js:692:17)
    at require (internal/modules/cjs/helpers.js:25:18)
    at initializeRuntime (C:\Users\jukma\AppData\Roaming\nvm\v10.16.3\node_modules\firebase-tools\lib\emulator\functionsEmulatorRuntime.js:678:29)
    at process._tickCallback (internal/process/next_tick.js:68:7) {"metadata":{"emulator":{"name":"functions"},"message":"TypeError: Cannot read property 'region' of undefined\n    at Object.<anonymous> (E:\\vue\\예전\\vuef\\functions\\index.js:4:40)\n    at Module._compile (internal/modules/cjs/loader.js:778:30)\n    at Object.Module._extensions..js (internal/modules/cjs/loader.js:789:10)\n    at Module.load (internal/modules/cjs/loader.js:653:32)\n    at tryModuleLoad (internal/modules/cjs/loader.js:593:12)\n    at Function.Module._load (internal/modules/cjs/loader.js:585:3)\n    at Module.require (internal/modules/cjs/loader.js:692:17)\n    at require (internal/modules/cjs/helpers.js:25:18)\n    at initializeRuntime (C:\\Users\\jukma\\AppData\\Roaming\\nvm\\v10.16.3\\node_modules\\firebase-tools\\lib\\emulator\\functionsEmulatorRuntime.js:678:29)\n    at process._tickCallback (internal/process/next_tick.js:68:7)"}}
[warn] !  We were unable to load your functions code. (see above) {"metadata":{"emulator":{"name":"functions"}}}
[debug] [2021-03-18T05:58:55.638Z] [worker-~diagnostic~-241e0335-c29a-4e02-a073-ffa9502306ca]: exited {"metadata":{"emulator":{"name":"functions"},"message":"[worker-~diagnostic~-241e0335-c29a-4e02-a073-ffa9502306ca]: exited"}}
[debug] [2021-03-18T05:58:55.638Z] [worker-~diagnostic~-241e0335-c29a-4e02-a073-ffa9502306ca]: FINISHED {"metadata":{"emulator":{"name":"functions"},"message":"[worker-~diagnostic~-241e0335-c29a-4e02-a073-ffa9502306ca]: FINISHED"}}
[debug] [2021-03-18T06:01:18.583Z] File E:\vue\예전\vuef\functions\index.js changed, reloading triggers {"metadata":{"emulator":{"name":"functions"},"message":"File E:\\vue\\예전\\vuef\\functions\\index.js changed, reloading triggers"}}
[debug] [2021-03-18T06:01:19.585Z] [worker-pool] Cleaned up workers for ~diagnostic~: 1 --> 0 {"metadata":{"emulator":{"name":"functions"},"message":"[worker-pool] Cleaned up workers for ~diagnostic~: 1 --> 0"}}
[debug] [2021-03-18T06:01:19.589Z] [worker-pool] addWorker(~diagnostic~) {"metadata":{"emulator":{"name":"functions"},"message":"[worker-pool] addWorker(~diagnostic~)"}}
[debug] [2021-03-18T06:01:19.589Z] [worker-pool] Adding worker with key ~diagnostic~, total=1 {"metadata":{"emulator":{"name":"functions"},"message":"[worker-pool] Adding worker with key ~diagnostic~, total=1"}}
[debug] [2021-03-18T06:01:19.589Z] [worker-pool] submitWork(triggerId=) {"metadata":{"emulator":{"name":"functions"},"message":"[worker-pool] submitWork(triggerId=)"}}
[debug] [2021-03-18T06:01:19.589Z] [worker-~diagnostic~-431de829-deff-4179-b4d7-bfdfc1d15256]: Assigning socketPath: \\?\pipe\E:\vue\예전\vuef\functions\7056 {"metadata":{"emulator":{"name":"functions"},"message":"[worker-~diagnostic~-431de829-deff-4179-b4d7-bfdfc1d15256]: Assigning socketPath: \\\\?\\pipe\\E:\\vue\\예전\\vuef\\functions\\7056"}}
[debug] [2021-03-18T06:01:19.589Z] [worker-~diagnostic~-431de829-deff-4179-b4d7-bfdfc1d15256]: BUSY {"metadata":{"emulator":{"name":"functions"},"message":"[worker-~diagnostic~-431de829-deff-4179-b4d7-bfdfc1d15256]: BUSY"}}
[debug] [2021-03-18T06:01:19.825Z] [runtime-status] [7056] Functions runtime initialized. {"cwd":"E:\\vue\\예전\\vuef\\functions","node_version":"10.16.3"} {"metadata":{"emulator":{"name":"functions"},"message":"[runtime-status] [7056] Functions runtime initialized. {\"cwd\":\"E:\\\\vue\\\\예전\\\\vuef\\\\functions\",\"node_version\":\"10.16.3\"}"}}
[debug] [2021-03-18T06:01:19.826Z] [runtime-status] [7056] Disabled runtime features: undefined {"metadata":{"emulator":{"name":"functions"},"message":"[runtime-status] [7056] Disabled runtime features: undefined"}}
[debug] [2021-03-18T06:01:19.831Z] [runtime-status] [7056] Resolved module firebase-admin {"declared":true,"installed":true,"version":"9.5.0","resolution":"E:\\vue\\예전\\vuef\\functions\\node_modules\\firebase-admin\\lib\\index.js"} {"metadata":{"emulator":{"name":"functions"},"message":"[runtime-status] [7056] Resolved module firebase-admin {\"declared\":true,\"installed\":true,\"version\":\"9.5.0\",\"resolution\":\"E:\\\\vue\\\\예전\\\\vuef\\\\functions\\\\node_modules\\\\firebase-admin\\\\lib\\\\index.js\"}"}}
[debug] [2021-03-18T06:01:19.832Z] [runtime-status] [7056] Resolved module firebase-functions {"declared":true,"installed":true,"version":"3.13.2","resolution":"E:\\vue\\예전\\vuef\\functions\\node_modules\\firebase-functions\\lib\\index.js"} {"metadata":{"emulator":{"name":"functions"},"message":"[runtime-status] [7056] Resolved module firebase-functions {\"declared\":true,\"installed\":true,\"version\":\"3.13.2\",\"resolution\":\"E:\\\\vue\\\\예전\\\\vuef\\\\functions\\\\node_modules\\\\firebase-functions\\\\lib\\\\index.js\"}"}}
[debug] [2021-03-18T06:01:19.833Z] [runtime-status] [7056] Resolved module firebase-functions {"declared":true,"installed":true,"version":"3.13.2","resolution":"E:\\vue\\예전\\vuef\\functions\\node_modules\\firebase-functions\\lib\\index.js"} {"metadata":{"emulator":{"name":"functions"},"message":"[runtime-status] [7056] Resolved module firebase-functions {\"declared\":true,\"installed\":true,\"version\":\"3.13.2\",\"resolution\":\"E:\\\\vue\\\\예전\\\\vuef\\\\functions\\\\node_modules\\\\firebase-functions\\\\lib\\\\index.js\"}"}}
[debug] [2021-03-18T06:01:19.836Z] [runtime-status] [7056] Outgoing network have been stubbed. [{"name":"http","status":"mocked"},{"name":"http","status":"mocked"},{"name":"https","status":"mocked"},{"name":"https","status":"mocked"},{"name":"net","status":"mocked"}] {"metadata":{"emulator":{"name":"functions"},"message":"[runtime-status] [7056] Outgoing network have been stubbed. [{\"name\":\"http\",\"status\":\"mocked\"},{\"name\":\"http\",\"status\":\"mocked\"},{\"name\":\"https\",\"status\":\"mocked\"},{\"name\":\"https\",\"status\":\"mocked\"},{\"name\":\"net\",\"status\":\"mocked\"}]"}}
[debug] [2021-03-18T06:01:19.837Z] [runtime-status] [7056] Resolved module firebase-functions {"declared":true,"installed":true,"version":"3.13.2","resolution":"E:\\vue\\예전\\vuef\\functions\\node_modules\\firebase-functions\\lib\\index.js"} {"metadata":{"emulator":{"name":"functions"},"message":"[runtime-status] [7056] Resolved module firebase-functions {\"declared\":true,\"installed\":true,\"version\":\"3.13.2\",\"resolution\":\"E:\\\\vue\\\\예전\\\\vuef\\\\functions\\\\node_modules\\\\firebase-functions\\\\lib\\\\index.js\"}"}}
[debug] [2021-03-18T06:01:19.887Z] [runtime-status] [7056] Checked functions.config() {"config":{}} {"metadata":{"emulator":{"name":"functions"},"message":"[runtime-status] [7056] Checked functions.config() {\"config\":{}}"}}
[debug] [2021-03-18T06:01:19.887Z] [runtime-status] [7056] firebase-functions has been stubbed. {"functionsResolution":{"declared":true,"installed":true,"version":"3.13.2","resolution":"E:\\vue\\예전\\vuef\\functions\\node_modules\\firebase-functions\\lib\\index.js"}} {"metadata":{"emulator":{"name":"functions"},"message":"[runtime-status] [7056] firebase-functions has been stubbed. {\"functionsResolution\":{\"declared\":true,\"installed\":true,\"version\":\"3.13.2\",\"resolution\":\"E:\\\\vue\\\\예전\\\\vuef\\\\functions\\\\node_modules\\\\firebase-functions\\\\lib\\\\index.js\"}}"}}
[debug] [2021-03-18T06:01:19.888Z] [runtime-status] [7056] Resolved module firebase-functions {"declared":true,"installed":true,"version":"3.13.2","resolution":"E:\\vue\\예전\\vuef\\functions\\node_modules\\firebase-functions\\lib\\index.js"} {"metadata":{"emulator":{"name":"functions"},"message":"[runtime-status] [7056] Resolved module firebase-functions {\"declared\":true,\"installed\":true,\"version\":\"3.13.2\",\"resolution\":\"E:\\\\vue\\\\예전\\\\vuef\\\\functions\\\\node_modules\\\\firebase-functions\\\\lib\\\\index.js\"}"}}
[debug] [2021-03-18T06:01:19.889Z] [runtime-status] [7056] Resolved module firebase-admin {"declared":true,"installed":true,"version":"9.5.0","resolution":"E:\\vue\\예전\\vuef\\functions\\node_modules\\firebase-admin\\lib\\index.js"} {"metadata":{"emulator":{"name":"functions"},"message":"[runtime-status] [7056] Resolved module firebase-admin {\"declared\":true,\"installed\":true,\"version\":\"9.5.0\",\"resolution\":\"E:\\\\vue\\\\예전\\\\vuef\\\\functions\\\\node_modules\\\\firebase-admin\\\\lib\\\\index.js\"}"}}
[debug] [2021-03-18T06:01:19.889Z] [runtime-status] [7056] Resolved module firebase-functions {"declared":true,"installed":true,"version":"3.13.2","resolution":"E:\\vue\\예전\\vuef\\functions\\node_modules\\firebase-functions\\lib\\index.js"} {"metadata":{"emulator":{"name":"functions"},"message":"[runtime-status] [7056] Resolved module firebase-functions {\"declared\":true,\"installed\":true,\"version\":\"3.13.2\",\"resolution\":\"E:\\\\vue\\\\예전\\\\vuef\\\\functions\\\\node_modules\\\\firebase-functions\\\\lib\\\\index.js\"}"}}
[debug] [2021-03-18T06:01:19.889Z] [runtime-status] [7056] firebase-admin has been stubbed. {"adminResolution":{"declared":true,"installed":true,"version":"9.5.0","resolution":"E:\\vue\\예전\\vuef\\functions\\node_modules\\firebase-admin\\lib\\index.js"}} {"metadata":{"emulator":{"name":"functions"},"message":"[runtime-status] [7056] firebase-admin has been stubbed. {\"adminResolution\":{\"declared\":true,\"installed\":true,\"version\":\"9.5.0\",\"resolution\":\"E:\\\\vue\\\\예전\\\\vuef\\\\functions\\\\node_modules\\\\firebase-admin\\\\lib\\\\index.js\"}}"}}
[warn] !  TypeError: Cannot read property 'region' of undefined
    at Object.<anonymous> (E:\vue\예전\vuef\functions\index.js:4:40)
    at Module._compile (internal/modules/cjs/loader.js:778:30)
    at Object.Module._extensions..js (internal/modules/cjs/loader.js:789:10)
    at Module.load (internal/modules/cjs/loader.js:653:32)
    at tryModuleLoad (internal/modules/cjs/loader.js:593:12)
    at Function.Module._load (internal/modules/cjs/loader.js:585:3)
    at Module.require (internal/modules/cjs/loader.js:692:17)
    at require (internal/modules/cjs/helpers.js:25:18)
    at initializeRuntime (C:\Users\jukma\AppData\Roaming\nvm\v10.16.3\node_modules\firebase-tools\lib\emulator\functionsEmulatorRuntime.js:678:29)
    at process._tickCallback (internal/process/next_tick.js:68:7) {"metadata":{"emulator":{"name":"functions"},"message":"TypeError: Cannot read property 'region' of undefined\n    at Object.<anonymous> (E:\\vue\\예전\\vuef\\functions\\index.js:4:40)\n    at Module._compile (internal/modules/cjs/loader.js:778:30)\n    at Object.Module._extensions..js (internal/modules/cjs/loader.js:789:10)\n    at Module.load (internal/modules/cjs/loader.js:653:32)\n    at tryModuleLoad (internal/modules/cjs/loader.js:593:12)\n    at Function.Module._load (internal/modules/cjs/loader.js:585:3)\n    at Module.require (internal/modules/cjs/loader.js:692:17)\n    at require (internal/modules/cjs/helpers.js:25:18)\n    at initializeRuntime (C:\\Users\\jukma\\AppData\\Roaming\\nvm\\v10.16.3\\node_modules\\firebase-tools\\lib\\emulator\\functionsEmulatorRuntime.js:678:29)\n    at process._tickCallback (internal/process/next_tick.js:68:7)"}}
[warn] !  We were unable to load your functions code. (see above) {"metadata":{"emulator":{"name":"functions"}}}
[debug] [2021-03-18T06:01:19.913Z] [worker-~diagnostic~-431de829-deff-4179-b4d7-bfdfc1d15256]: exited {"metadata":{"emulator":{"name":"functions"},"message":"[worker-~diagnostic~-431de829-deff-4179-b4d7-bfdfc1d15256]: exited"}}
[debug] [2021-03-18T06:01:19.913Z] [worker-~diagnostic~-431de829-deff-4179-b4d7-bfdfc1d15256]: FINISHED {"metadata":{"emulator":{"name":"functions"},"message":"[worker-~diagnostic~-431de829-deff-4179-b4d7-bfdfc1d15256]: FINISHED"}}
